<?xml version="1.0" encoding="UTF-8"?>
<!-- Generated by org.testng.reporters.JUnitXMLReporter -->
<testsuite hostname="gnvl.local" ignored="0" name="Surefire test" tests="20" failures="0" timestamp="08 Sep 2017 06:02:27 GMT" time="0.461" errors="0">
  <testcase name="&quot;TC-01.01 (2 - Prime number)" time="0.303" classname="core.PrimeNumberCheckerTest"/>
  <testcase name="&quot;TC-01.02 (3 - Prime number)" time="0.003" classname="core.PrimeNumberCheckerTest"/>
  <testcase name="&quot;TC-01.03 (4 - Not prime number)" time="0.002" classname="core.PrimeNumberCheckerTest"/>
  <testcase name="&quot;TC-01.04 (5 - Prime number)" time="0.002" classname="core.PrimeNumberCheckerTest"/>
  <testcase name="&quot;TC-01.05 (6 - Not prime number)" time="0.002" classname="core.PrimeNumberCheckerTest"/>
  <testcase name="&quot;TC-01.06 (7 - Prime number)" time="0.005" classname="core.PrimeNumberCheckerTest"/>
  <testcase name="&quot;TC-01.07 (8 - Not prime number)" time="0.001" classname="core.PrimeNumberCheckerTest"/>
  <testcase name="&quot;TC-01.08 (9 - Not prime number)" time="0.002" classname="core.PrimeNumberCheckerTest"/>
  <testcase name="&quot;TC-01.09 (10 - Not prime number)" time="0.001" classname="core.PrimeNumberCheckerTest"/>
  <testcase name="&quot;TC-01.10 (11 - Prime number)" time="0.001" classname="core.PrimeNumberCheckerTest"/>
  <testcase name="&quot;TC-01.11 (12 - Not prime number)" time="0.001" classname="core.PrimeNumberCheckerTest"/>
  <testcase name="&quot;TC-01.12 (13 - Prime number)" time="0.002" classname="core.PrimeNumberCheckerTest"/>
  <testcase name="&quot;TC-01.13 (14 - Not prime number)" time="0.001" classname="core.PrimeNumberCheckerTest"/>
  <testcase name="&quot;TC-01.14 (15 - Not prime number)" time="0.001" classname="core.PrimeNumberCheckerTest"/>
  <testcase name="&quot;TC-01.15 (16 - Not prime number)" time="0.002" classname="core.PrimeNumberCheckerTest"/>
  <testcase name="&quot;TC-01.16 (17 - Prime number)" time="0.003" classname="core.PrimeNumberCheckerTest"/>
  <testcase name="&quot;TC-01.17 (18 - Not prime number)" time="0.001" classname="core.PrimeNumberCheckerTest"/>
  <testcase name="&quot;TC-01.18 (19 - Prime number)" time="0.002" classname="core.PrimeNumberCheckerTest"/>
  <testcase name="&quot;TC-01.19 (20 - Not prime number)" time="0.001" classname="core.PrimeNumberCheckerTest"/>
  <testcase name="&quot;TC-01.20 (21 - Not prime number)" time="0.001" classname="core.PrimeNumberCheckerTest"/>
</testsuite> <!-- Surefire test -->
